Build started 9/2/2014 4:15:01 PM.
     1>Project "C:\Users\Christian\Documents\Visual Studio 2013\Projects\2.28 Assignment\2.28 Assignment\2.28 Assignment.vcxproj" on node 2 (Build target(s)).
     1>ClCompile:
         C:\Program Files (x86)\Microsoft Visual Studio 12.0\VC\bin\CL.exe /c /ZI /nologo /W3 /WX- /sdl /Od /Oy- /D WIN32 /D _DEBUG /D _CONSOLE /D _LIB /D _UNICODE /D UNICODE /Gm /EHsc /RTC1 /MDd /GS /fp:precise /Zc:wchar_t /Zc:forScope /Yu"stdafx.h" /Fp"Debug\2.28 Assignment.pch" /Fo"Debug\\" /Fd"Debug\vc120.pdb" /Gd /TP /analyze- /errorReport:prompt "2.28 Assignment.cpp"
         2.28 Assignment.cpp
     1>c:\users\christian\documents\visual studio 2013\projects\2.28 assignment\2.28 assignment\2.28 assignment.cpp(19): error C2065: 'numssss' : undeclared identifier
     1>Done Building Project "C:\Users\Christian\Documents\Visual Studio 2013\Projects\2.28 Assignment\2.28 Assignment\2.28 Assignment.vcxproj" (Build target(s)) -- FAILED.

Build FAILED.

Time Elapsed 00:00:00.39
